{"message":"Service https://google.com, working","level":"low","createdAt":"2024-09-08T20:22:10.488Z","origin":"checkServices.ts"}
{"message":"Service https://google.com, working","level":"low","createdAt":"2024-09-08T20:22:15.810Z","origin":"checkServices.ts"}
{"message":"Service https://google.com, working","level":"low","createdAt":"2024-09-08T20:22:20.703Z","origin":"checkServices.ts"}
{"message":"Service https://google.com, working","level":"low","createdAt":"2024-09-08T20:22:25.471Z","origin":"checkServices.ts"}
{"message":"Service https://google.com, working","level":"low","createdAt":"2024-09-08T20:22:30.777Z","origin":"checkServices.ts"}
{"message":"Service https://google.com, working","level":"low","createdAt":"2024-09-08T20:22:35.478Z","origin":"checkServices.ts"}
{"message":"Service https://google.com, working","level":"low","createdAt":"2024-09-08T20:22:40.635Z","origin":"checkServices.ts"}
{"message":"Service https://google.com, working","level":"low","createdAt":"2024-09-08T20:22:45.595Z","origin":"checkServices.ts"}
{"message":"Email sent","level":"low","createdAt":"2024-09-08T22:27:47.025Z","origin":"email.service.ts"}
{"message":"Email sent","level":"low","createdAt":"2024-09-08T22:27:47.069Z","origin":"email.service.ts"}
{"message":"Email sent succesfull","level":"low","createdAt":"2024-09-08T23:00:17.012Z","origin":"end-email-logs.ts"}
{"message":"Email sent succesfull","level":"low","createdAt":"2024-09-08T23:01:33.537Z","origin":"end-email-logs.ts"}
{"message":"Email sent succesfull","level":"low","createdAt":"2024-09-08T23:01:38.199Z","origin":"end-email-logs.ts"}
{"message":"Service https://google.com working","level":"low","createdAt":"2024-09-11T03:40:51.291Z","origin":"check-service.ts"}
{"message":"Service https://google.com working","level":"low","createdAt":"2024-09-11T03:40:55.322Z","origin":"check-service.ts"}
{"message":"Service https://google.com working","level":"low","createdAt":"2024-09-11T03:41:00.650Z","origin":"check-service.ts"}
{"message":"Service https://google.com working","level":"low","createdAt":"2024-09-11T03:41:05.410Z","origin":"check-service.ts"}
{"message":"Service https://google.com working","level":"low","createdAt":"2024-09-11T03:41:10.765Z","origin":"check-service.ts"}
{"message":"Service https://google.com working","level":"low","createdAt":"2024-09-11T03:41:15.393Z","origin":"check-service.ts"}
{"message":"Service https://google.com working","level":"low","createdAt":"2024-09-11T03:41:20.768Z","origin":"check-service.ts"}
{"message":"Service https://google.com working","level":"low","createdAt":"2024-09-11T03:41:25.305Z","origin":"check-service.ts"}
{"message":"Service https://google.com working","level":"low","createdAt":"2024-09-11T03:41:30.649Z","origin":"check-service.ts"}
{"message":"Service https://google.com working","level":"low","createdAt":"2024-09-11T03:41:35.542Z","origin":"check-service.ts"}
{"message":"Service https://google.com working","level":"low","createdAt":"2024-09-11T03:41:40.403Z","origin":"check-service.ts"}
{"message":"Service https://google.com working","level":"low","createdAt":"2024-09-11T03:41:45.601Z","origin":"check-service.ts"}
{"message":"Service https://google.com working","level":"low","createdAt":"2024-09-11T03:41:50.297Z","origin":"check-service.ts"}
{"message":"Service https://google.com working","level":"low","createdAt":"2024-09-11T03:41:55.636Z","origin":"check-service.ts"}
{"message":"Service https://google.com working","level":"low","createdAt":"2024-09-11T03:42:00.314Z","origin":"check-service.ts"}
{"message":"Service https://google.com working","level":"low","createdAt":"2024-09-11T03:42:05.656Z","origin":"check-service.ts"}
{"message":"Service https://google.com working","level":"low","createdAt":"2024-09-11T03:42:10.330Z","origin":"check-service.ts"}
{"message":"Service https://google.com working","level":"low","createdAt":"2024-09-11T03:42:15.633Z","origin":"check-service.ts"}
{"message":"Service https://google.com working","level":"low","createdAt":"2024-09-11T03:42:20.314Z","origin":"check-service.ts"}
{"message":"Service https://google.com working","level":"low","createdAt":"2024-09-11T03:42:25.596Z","origin":"check-service.ts"}
{"message":"Service https://google.com working","level":"low","createdAt":"2024-09-11T03:42:30.300Z","origin":"check-service.ts"}
{"message":"Service https://google.com working","level":"low","createdAt":"2024-09-11T03:42:35.660Z","origin":"check-service.ts"}
{"message":"Service https://google.com working","level":"low","createdAt":"2024-09-11T03:42:40.320Z","origin":"check-service.ts"}
{"message":"Service https://google.com working","level":"low","createdAt":"2024-09-11T03:42:45.679Z","origin":"check-service.ts"}
{"message":"https://googleo9.com is not ok. TypeError: fetch failed","level":"high","createdAt":"2024-09-11T03:42:55.633Z","origin":"check-service.ts"}
{"message":"https://googleo9.com is not ok. TypeError: fetch failed","level":"high","createdAt":"2024-09-11T03:43:00.059Z","origin":"check-service.ts"}
{"message":"https://googleo9.com is not ok. TypeError: fetch failed","level":"high","createdAt":"2024-09-11T03:43:05.023Z","origin":"check-service.ts"}
